<?xml version="1.0" encoding="UTF-8"?>
<!-- Generated by org.testng.reporters.JUnitXMLReporter -->
<testsuite ignored="0" hostname="DESKTOP-7EUDCAL" failures="1" tests="10" name="Test" time="92.156" errors="0" timestamp="2023-03-22T22:41:19 GMT-04:00">
  <testcase classname="com.ninja.testcases.LoginTest" name="verfiyValidLogin" time="0.758"/>
  <testcase classname="com.ninja.testcases.LoginTest" name="verfiyValidLogin" time="0.759"/>
  <testcase classname="com.ninja.testcases.LoginTest" name="verfiyValidLogin" time="0.585"/>
  <testcase classname="com.ninja.testcases.LoginTest" name="verfiyValidLogin" time="0.621"/>
  <testcase classname="com.ninja.testcases.LoginTest" name="verfiyValidLogin" time="0.58"/>
  <testcase classname="com.ninja.testcases.LoginTest" name="validateWithoutCredentials" time="0.442"/>
  <testcase classname="com.ninja.testcases.LoginTest" name="verifyLoginWithInvalidCredentials" time="0.652"/>
  <testcase classname="com.ninja.testcases.SearchTest" name="verifySearchWithInValidProduct" time="0.506"/>
  <testcase classname="com.ninja.testcases.SearchTest" name="verifysearchWithValidProduct" time="0.535"/>
  <testcase classname="com.ninja.testcases.SearchTest" name="verifysearchWithoutAnyProduct" time="0.368">
    <failure type="java.lang.AssertionError" message="expected [There is no product that matches the search criter] but found [There is no product that matches the search criteria.]">
      <![CDATA[java.lang.AssertionError: expected [There is no product that matches the search criter] but found [There is no product that matches the search criteria.]
at com.ninja.testcases.SearchTest.verifysearchWithoutAnyProduct(SearchTest.java:57)
at java.base/java.util.ArrayList.forEach(ArrayList.java:1511)
... Removed 35 stack frames]]>
    </failure>
  </testcase> <!-- verifysearchWithoutAnyProduct -->
</testsuite> <!-- Test -->
